2020-04-09 21:12:52 - PHP Notice:  Undefined index: stores_query in /home/ctuncaco/opss.ctunca.com/admin/model/catalog/product.php on line 709
2020-04-10 6:25:21 - PHP Notice:  Undefined offset: 0 in /home/ctuncaco/opss.ctunca.com/vqmod/vqcache/vq2-admin_controller_customer_customer.php on line 427
2020-04-10 6:25:39 - PHP Notice:  Undefined index: package_price in /home/ctuncaco/opss.ctunca.com/admin/controller/catalog/package.php on line 379
2020-04-10 6:25:39 - PHP Notice:  Undefined index: package_price in /home/ctuncaco/opss.ctunca.com/admin/controller/catalog/package.php on line 382
2020-04-10 6:25:39 - PHP Notice:  Undefined index: package_price in /home/ctuncaco/opss.ctunca.com/admin/controller/catalog/package.php on line 379
2020-04-10 6:25:39 - PHP Notice:  Undefined index: package_price in /home/ctuncaco/opss.ctunca.com/admin/controller/catalog/package.php on line 382
2020-04-11 13:34:44 - PHP Notice:  Undefined index: product in /home/ctuncaco/opss.ctunca.com/admin/model/catalog/package.php on line 29
2020-04-11 13:34:44 - PHP Warning:  Invalid argument supplied for foreach() in /home/ctuncaco/opss.ctunca.com/admin/model/catalog/package.php on line 29
2020-04-11 13:34:52 - PHP Notice:  Undefined offset: 0 in /home/ctuncaco/opss.ctunca.com/vqmod/vqcache/vq2-admin_controller_customer_customer.php on line 427
2020-04-11 13:36:20 - PHP Notice:  Undefined offset: 0 in /home/ctuncaco/opss.ctunca.com/vqmod/vqcache/vq2-admin_controller_customer_customer.php on line 427
2020-04-11 13:39:59 - PHP Notice:  Undefined offset: 0 in /home/ctuncaco/opss.ctunca.com/vqmod/vqcache/vq2-admin_controller_customer_customer.php on line 427
2020-04-11 13:45:39 - PHP Notice:  Undefined offset: 0 in /home/ctuncaco/opss.ctunca.com/vqmod/vqcache/vq2-admin_controller_customer_customer.php on line 427
2020-04-11 13:46:36 - PHP Notice:  Undefined offset: 0 in /home/ctuncaco/opss.ctunca.com/vqmod/vqcache/vq2-admin_controller_customer_customer.php on line 427
2020-04-11 13:46:46 - PHP Notice:  Undefined offset: 0 in /home/ctuncaco/opss.ctunca.com/vqmod/vqcache/vq2-admin_controller_customer_customer.php on line 427
2020-04-11 13:46:46 - PHP Notice:  Undefined offset: 0 in /home/ctuncaco/opss.ctunca.com/vqmod/vqcache/vq2-admin_controller_customer_customer.php on line 427
2020-04-11 13:47:17 - PHP Notice:  Undefined offset: 0 in /home/ctuncaco/opss.ctunca.com/vqmod/vqcache/vq2-admin_controller_customer_customer.php on line 427
2020-04-11 13:47:17 - PHP Notice:  Undefined offset: 0 in /home/ctuncaco/opss.ctunca.com/vqmod/vqcache/vq2-admin_controller_customer_customer.php on line 427
2020-04-11 13:47:17 - PHP Notice:  Undefined offset: 0 in /home/ctuncaco/opss.ctunca.com/vqmod/vqcache/vq2-admin_controller_customer_customer.php on line 427
2020-04-11 13:47:55 - PHP Notice:  Undefined index: package_price in /home/ctuncaco/opss.ctunca.com/admin/controller/catalog/package.php on line 379
2020-04-11 13:47:55 - PHP Notice:  Undefined index: package_price in /home/ctuncaco/opss.ctunca.com/admin/controller/catalog/package.php on line 382
2020-04-11 13:47:55 - PHP Notice:  Undefined index: package_price in /home/ctuncaco/opss.ctunca.com/admin/controller/catalog/package.php on line 379
2020-04-11 13:47:55 - PHP Notice:  Undefined index: package_price in /home/ctuncaco/opss.ctunca.com/admin/controller/catalog/package.php on line 382
2020-04-11 13:47:55 - PHP Notice:  Undefined index: package_price in /home/ctuncaco/opss.ctunca.com/admin/controller/catalog/package.php on line 379
2020-04-11 13:47:55 - PHP Notice:  Undefined index: package_price in /home/ctuncaco/opss.ctunca.com/admin/controller/catalog/package.php on line 382
2020-04-11 13:47:55 - PHP Notice:  Undefined index: package_price in /home/ctuncaco/opss.ctunca.com/admin/controller/catalog/package.php on line 379
2020-04-11 13:47:55 - PHP Notice:  Undefined index: package_price in /home/ctuncaco/opss.ctunca.com/admin/controller/catalog/package.php on line 382
2020-04-11 13:47:55 - PHP Notice:  Undefined index: package_price in /home/ctuncaco/opss.ctunca.com/admin/controller/catalog/package.php on line 379
2020-04-11 13:47:55 - PHP Notice:  Undefined index: package_price in /home/ctuncaco/opss.ctunca.com/admin/controller/catalog/package.php on line 382
2020-04-11 13:47:55 - PHP Notice:  Undefined index: package_price in /home/ctuncaco/opss.ctunca.com/admin/controller/catalog/package.php on line 379
2020-04-11 13:47:55 - PHP Notice:  Undefined index: package_price in /home/ctuncaco/opss.ctunca.com/admin/controller/catalog/package.php on line 382
2020-04-11 13:47:55 - PHP Notice:  Undefined index: package_price in /home/ctuncaco/opss.ctunca.com/admin/controller/catalog/package.php on line 379
2020-04-11 13:47:55 - PHP Notice:  Undefined index: package_price in /home/ctuncaco/opss.ctunca.com/admin/controller/catalog/package.php on line 382
2020-04-11 13:51:36 - PHP Notice:  Undefined offset: 0 in /home/ctuncaco/opss.ctunca.com/vqmod/vqcache/vq2-admin_controller_customer_customer.php on line 427
2020-04-11 13:51:36 - PHP Notice:  Undefined offset: 0 in /home/ctuncaco/opss.ctunca.com/vqmod/vqcache/vq2-admin_controller_customer_customer.php on line 427
2020-04-11 13:51:36 - PHP Notice:  Undefined offset: 0 in /home/ctuncaco/opss.ctunca.com/vqmod/vqcache/vq2-admin_controller_customer_customer.php on line 427
2020-04-11 13:51:54 - PHP Notice:  Undefined offset: 0 in /home/ctuncaco/opss.ctunca.com/vqmod/vqcache/vq2-admin_controller_customer_customer.php on line 427
2020-04-11 13:51:54 - PHP Notice:  Undefined offset: 0 in /home/ctuncaco/opss.ctunca.com/vqmod/vqcache/vq2-admin_controller_customer_customer.php on line 427
2020-04-11 23:47:28 - PHP Notice:  Undefined index: package in /home/ctuncaco/opss.ctunca.com/admin/model/catalog/class.php on line 29
2020-04-11 23:47:28 - PHP Warning:  Invalid argument supplied for foreach() in /home/ctuncaco/opss.ctunca.com/admin/model/catalog/class.php on line 29
2020-04-11 23:48:58 - PHP Notice:  Undefined offset: 0 in /home/ctuncaco/opss.ctunca.com/vqmod/vqcache/vq2-admin_controller_customer_customer.php on line 427
2020-04-11 23:48:58 - PHP Notice:  Undefined offset: 0 in /home/ctuncaco/opss.ctunca.com/vqmod/vqcache/vq2-admin_controller_customer_customer.php on line 427
2020-04-11 23:49:24 - PHP Notice:  Undefined offset: 0 in /home/ctuncaco/opss.ctunca.com/vqmod/vqcache/vq2-admin_controller_customer_customer.php on line 427
2020-04-11 23:49:24 - PHP Notice:  Undefined offset: 0 in /home/ctuncaco/opss.ctunca.com/vqmod/vqcache/vq2-admin_controller_customer_customer.php on line 427
2020-04-11 23:50:54 - PHP Notice:  Undefined offset: 0 in /home/ctuncaco/opss.ctunca.com/vqmod/vqcache/vq2-admin_controller_customer_customer.php on line 427
2020-04-11 23:50:54 - PHP Notice:  Undefined offset: 0 in /home/ctuncaco/opss.ctunca.com/vqmod/vqcache/vq2-admin_controller_customer_customer.php on line 427
2020-04-11 23:59:30 - PHP Notice:  Undefined offset: 0 in /home/ctuncaco/opss.ctunca.com/vqmod/vqcache/vq2-admin_controller_customer_customer.php on line 427
2020-04-11 23:59:30 - PHP Notice:  Undefined offset: 0 in /home/ctuncaco/opss.ctunca.com/vqmod/vqcache/vq2-admin_controller_customer_customer.php on line 427
2020-04-12 0:00:49 - PHP Notice:  Undefined offset: 0 in /home/ctuncaco/opss.ctunca.com/vqmod/vqcache/vq2-admin_controller_customer_customer.php on line 427
2020-04-12 0:00:49 - PHP Notice:  Undefined offset: 0 in /home/ctuncaco/opss.ctunca.com/vqmod/vqcache/vq2-admin_controller_customer_customer.php on line 427
2020-04-12 0:00:49 - PHP Notice:  Undefined offset: 0 in /home/ctuncaco/opss.ctunca.com/vqmod/vqcache/vq2-admin_controller_customer_customer.php on line 427
2020-04-12 0:01:26 - PHP Notice:  Undefined index: package in /home/ctuncaco/opss.ctunca.com/admin/model/catalog/class.php on line 29
2020-04-12 0:01:26 - PHP Warning:  Invalid argument supplied for foreach() in /home/ctuncaco/opss.ctunca.com/admin/model/catalog/class.php on line 29
2020-04-12 0:02:52 - PHP Notice:  Undefined offset: 0 in /home/ctuncaco/opss.ctunca.com/vqmod/vqcache/vq2-admin_controller_customer_customer.php on line 427
2020-04-12 0:02:52 - PHP Notice:  Undefined offset: 0 in /home/ctuncaco/opss.ctunca.com/vqmod/vqcache/vq2-admin_controller_customer_customer.php on line 427
2020-04-12 0:02:52 - PHP Notice:  Undefined offset: 0 in /home/ctuncaco/opss.ctunca.com/vqmod/vqcache/vq2-admin_controller_customer_customer.php on line 427
2020-04-12 0:03:37 - PHP Notice:  Undefined offset: 0 in /home/ctuncaco/opss.ctunca.com/vqmod/vqcache/vq2-admin_controller_customer_customer.php on line 427
2020-04-12 0:03:37 - PHP Notice:  Undefined offset: 0 in /home/ctuncaco/opss.ctunca.com/vqmod/vqcache/vq2-admin_controller_customer_customer.php on line 427
2020-04-12 1:25:32 - PHP Notice:  Undefined offset: 0 in /home/ctuncaco/opss.ctunca.com/vqmod/vqcache/vq2-admin_controller_customer_customer.php on line 427
2020-04-12 1:25:32 - PHP Notice:  Undefined offset: 0 in /home/ctuncaco/opss.ctunca.com/vqmod/vqcache/vq2-admin_controller_customer_customer.php on line 427
2020-04-12 1:28:07 - PHP Notice:  Undefined offset: 0 in /home/ctuncaco/opss.ctunca.com/vqmod/vqcache/vq2-admin_controller_customer_customer.php on line 427
2020-04-12 1:28:07 - PHP Notice:  Undefined offset: 0 in /home/ctuncaco/opss.ctunca.com/vqmod/vqcache/vq2-admin_controller_customer_customer.php on line 427
2020-04-12 1:28:07 - PHP Notice:  Undefined offset: 0 in /home/ctuncaco/opss.ctunca.com/vqmod/vqcache/vq2-admin_controller_customer_customer.php on line 427
2020-04-12 1:28:31 - PHP Notice:  Undefined offset: 0 in /home/ctuncaco/opss.ctunca.com/vqmod/vqcache/vq2-admin_controller_customer_customer.php on line 427
2020-04-12 1:31:46 - PHP Notice:  Undefined index: package in /home/ctuncaco/opss.ctunca.com/admin/model/catalog/class.php on line 29
2020-04-12 1:31:46 - PHP Warning:  Invalid argument supplied for foreach() in /home/ctuncaco/opss.ctunca.com/admin/model/catalog/class.php on line 29
2020-04-12 1:33:36 - PHP Notice:  Undefined offset: 0 in /home/ctuncaco/opss.ctunca.com/vqmod/vqcache/vq2-admin_controller_customer_customer.php on line 427
2020-04-12 1:33:36 - PHP Notice:  Undefined offset: 0 in /home/ctuncaco/opss.ctunca.com/vqmod/vqcache/vq2-admin_controller_customer_customer.php on line 427
2020-04-12 1:33:36 - PHP Notice:  Undefined offset: 0 in /home/ctuncaco/opss.ctunca.com/vqmod/vqcache/vq2-admin_controller_customer_customer.php on line 427
2020-04-12 1:33:54 - PHP Notice:  Undefined offset: 0 in /home/ctuncaco/opss.ctunca.com/vqmod/vqcache/vq2-admin_controller_customer_customer.php on line 427
2020-04-12 1:33:54 - PHP Notice:  Undefined offset: 0 in /home/ctuncaco/opss.ctunca.com/vqmod/vqcache/vq2-admin_controller_customer_customer.php on line 427
2020-05-28 9:04:25 - PHP Notice:  Undefined offset: 0 in /home/ctuncaco/opss.ctunca.com/vqmod/vqcache/vq2-admin_controller_customer_customer.php on line 427
2020-05-28 9:04:25 - PHP Notice:  Undefined offset: 0 in /home/ctuncaco/opss.ctunca.com/vqmod/vqcache/vq2-admin_controller_customer_customer.php on line 427
2020-05-28 9:06:21 - PHP Notice:  Undefined offset: 0 in /home/ctuncaco/opss.ctunca.com/vqmod/vqcache/vq2-admin_controller_customer_customer.php on line 427
2020-05-28 9:06:21 - PHP Notice:  Undefined offset: 0 in /home/ctuncaco/opss.ctunca.com/vqmod/vqcache/vq2-admin_controller_customer_customer.php on line 427
2020-05-28 9:06:33 - PHP Notice:  Undefined offset: 0 in /home/ctuncaco/opss.ctunca.com/vqmod/vqcache/vq2-admin_controller_customer_customer.php on line 427
2020-05-28 9:06:41 - PHP Notice:  Undefined offset: 0 in /home/ctuncaco/opss.ctunca.com/vqmod/vqcache/vq2-admin_controller_customer_customer.php on line 427
2020-05-28 9:07:22 - PHP Notice:  Undefined offset: 0 in /home/ctuncaco/opss.ctunca.com/vqmod/vqcache/vq2-admin_controller_customer_customer.php on line 427
2020-05-28 9:07:50 - PHP Notice:  Undefined index: name in /home/ctuncaco/opss.ctunca.com/catalog/view/theme/porto/template/account/edit.tpl on line 32
2020-05-28 9:07:50 - PHP Notice:  Undefined index: class_id in /home/ctuncaco/opss.ctunca.com/catalog/view/theme/porto/template/account/edit.tpl on line 33
2020-05-28 9:10:52 - PHP Notice:  Undefined offset: 0 in /home/ctuncaco/opss.ctunca.com/vqmod/vqcache/vq2-admin_controller_customer_customer.php on line 427
2020-05-28 9:11:16 - PHP Notice:  Undefined offset: 0 in /home/ctuncaco/opss.ctunca.com/vqmod/vqcache/vq2-admin_controller_customer_customer.php on line 427
2020-05-28 9:13:00 - PHP Notice:  Undefined offset: 0 in /home/ctuncaco/opss.ctunca.com/vqmod/vqcache/vq2-admin_controller_customer_customer.php on line 427
2020-05-28 9:14:06 - PHP Notice:  Undefined offset: 0 in /home/ctuncaco/opss.ctunca.com/vqmod/vqcache/vq2-admin_controller_customer_customer.php on line 427
2020-05-28 9:14:30 - PHP Notice:  Undefined index: user_id in /home/ctuncaco/opss.ctunca.com/vqmod/vqcache/vq2-admin_controller_sale_order.php on line 412
2020-05-28 9:14:30 - PHP Notice:  Undefined index: user_id in /home/ctuncaco/opss.ctunca.com/vqmod/vqcache/vq2-admin_controller_sale_order.php on line 412
2020-05-28 9:14:30 - PHP Notice:  Undefined index: user_id in /home/ctuncaco/opss.ctunca.com/vqmod/vqcache/vq2-admin_controller_sale_order.php on line 412
2020-05-28 9:14:30 - PHP Notice:  Undefined index: user_id in /home/ctuncaco/opss.ctunca.com/vqmod/vqcache/vq2-admin_controller_sale_order.php on line 412
2020-05-28 9:14:30 - PHP Notice:  Undefined index: user_id in /home/ctuncaco/opss.ctunca.com/vqmod/vqcache/vq2-admin_controller_sale_order.php on line 412
2020-05-28 9:14:30 - PHP Notice:  Undefined index: user_id in /home/ctuncaco/opss.ctunca.com/vqmod/vqcache/vq2-admin_controller_sale_order.php on line 412
2020-05-28 9:14:30 - PHP Notice:  Undefined index: user_id in /home/ctuncaco/opss.ctunca.com/vqmod/vqcache/vq2-admin_controller_sale_order.php on line 412
2020-05-28 9:14:30 - PHP Notice:  Undefined index: user_id in /home/ctuncaco/opss.ctunca.com/vqmod/vqcache/vq2-admin_controller_sale_order.php on line 412
2020-05-28 9:14:30 - PHP Notice:  Undefined index: user_id in /home/ctuncaco/opss.ctunca.com/vqmod/vqcache/vq2-admin_controller_sale_order.php on line 412
2020-05-28 9:14:30 - PHP Notice:  Undefined index: user_id in /home/ctuncaco/opss.ctunca.com/vqmod/vqcache/vq2-admin_controller_sale_order.php on line 412
2020-05-28 9:15:25 - PHP Notice:  Undefined offset: 0 in /home/ctuncaco/opss.ctunca.com/vqmod/vqcache/vq2-admin_controller_customer_customer.php on line 427
2020-05-28 9:16:08 - PHP Notice:  Undefined offset: 0 in /home/ctuncaco/opss.ctunca.com/vqmod/vqcache/vq2-admin_controller_customer_customer.php on line 427
2020-05-28 9:16:52 - PHP Notice:  Undefined offset: 0 in /home/ctuncaco/opss.ctunca.com/vqmod/vqcache/vq2-admin_controller_customer_customer.php on line 427
2020-05-28 9:17:43 - PHP Notice:  Undefined variable: product_id in /home/ctuncaco/opss.ctunca.com/catalog/controller/product/package.php on line 247
2020-05-28 9:17:49 - PHP Notice:  Undefined variable: product_id in /home/ctuncaco/opss.ctunca.com/catalog/controller/product/package.php on line 247
2020-05-28 9:17:52 - PHP Notice:  Undefined variable: product_id in /home/ctuncaco/opss.ctunca.com/catalog/controller/product/package.php on line 247
2020-05-28 9:19:20 - PHP Notice:  Undefined index: product_id in /home/ctuncaco/opss.ctunca.com/catalog/controller/product/package.php on line 595
2020-05-28 9:19:20 - PHP Notice:  Undefined index: product_id in /home/ctuncaco/opss.ctunca.com/catalog/controller/product/package.php on line 595
2020-05-28 9:19:20 - PHP Notice:  Undefined index: product_id in /home/ctuncaco/opss.ctunca.com/catalog/controller/product/package.php on line 595
2020-05-28 9:19:20 - PHP Notice:  Undefined index: product_id in /home/ctuncaco/opss.ctunca.com/catalog/controller/product/package.php on line 595
2020-05-28 9:19:20 - PHP Notice:  Undefined index: product_id in /home/ctuncaco/opss.ctunca.com/catalog/controller/product/package.php on line 595
2020-05-28 9:19:20 - PHP Notice:  Undefined index: product_id in /home/ctuncaco/opss.ctunca.com/catalog/controller/product/package.php on line 595
2020-05-28 9:19:20 - PHP Notice:  Undefined index: product_id in /home/ctuncaco/opss.ctunca.com/catalog/controller/product/package.php on line 595
2020-05-28 9:19:20 - PHP Notice:  Undefined index: product_id in /home/ctuncaco/opss.ctunca.com/catalog/controller/product/package.php on line 595
2020-05-28 9:19:20 - PHP Notice:  Undefined index: product_id in /home/ctuncaco/opss.ctunca.com/catalog/controller/product/package.php on line 595
2020-05-28 9:19:20 - PHP Notice:  Undefined index: product_id in /home/ctuncaco/opss.ctunca.com/catalog/controller/product/package.php on line 595
2020-05-28 9:19:20 - PHP Notice:  Undefined index: product_id in /home/ctuncaco/opss.ctunca.com/catalog/controller/product/package.php on line 595
2020-05-28 9:19:20 - PHP Notice:  Undefined index: product_id in /home/ctuncaco/opss.ctunca.com/catalog/controller/product/package.php on line 595
2020-05-28 9:19:20 - PHP Notice:  Undefined index: product_id in /home/ctuncaco/opss.ctunca.com/catalog/controller/product/package.php on line 595
2020-05-28 9:19:20 - PHP Notice:  Undefined index: product_id in /home/ctuncaco/opss.ctunca.com/catalog/controller/product/package.php on line 595
2020-05-28 9:19:20 - PHP Notice:  Undefined index: product_id in /home/ctuncaco/opss.ctunca.com/catalog/controller/product/package.php on line 595
2020-05-28 9:19:20 - PHP Notice:  Undefined index: product_id in /home/ctuncaco/opss.ctunca.com/catalog/controller/product/package.php on line 595
2020-05-28 9:19:20 - PHP Notice:  Undefined index: product_id in /home/ctuncaco/opss.ctunca.com/catalog/controller/product/package.php on line 595
2020-05-28 9:19:20 - PHP Notice:  Undefined index: product_id in /home/ctuncaco/opss.ctunca.com/catalog/controller/product/package.php on line 595
2020-05-28 9:19:20 - PHP Notice:  Undefined index: product_id in /home/ctuncaco/opss.ctunca.com/catalog/controller/product/package.php on line 595
2020-05-28 9:19:20 - PHP Notice:  Undefined index: product_id in /home/ctuncaco/opss.ctunca.com/catalog/controller/product/package.php on line 595
2020-05-28 9:19:20 - PHP Notice:  Undefined index: product_id in /home/ctuncaco/opss.ctunca.com/catalog/controller/product/package.php on line 595
2020-05-28 9:19:20 - PHP Notice:  Undefined index: product_id in /home/ctuncaco/opss.ctunca.com/catalog/controller/product/package.php on line 595
2020-05-28 9:19:20 - PHP Notice:  Undefined index: product_id in /home/ctuncaco/opss.ctunca.com/catalog/controller/product/package.php on line 595
2020-05-28 9:19:20 - PHP Notice:  Undefined index: product_id in /home/ctuncaco/opss.ctunca.com/catalog/controller/product/package.php on line 595
2020-05-28 9:19:20 - PHP Notice:  Undefined index: product_id in /home/ctuncaco/opss.ctunca.com/catalog/controller/product/package.php on line 595
2020-05-28 9:20:53 - PHP Notice:  Undefined index: user_id in /home/ctuncaco/opss.ctunca.com/vqmod/vqcache/vq2-admin_controller_sale_order.php on line 412
2020-05-28 9:20:53 - PHP Notice:  Undefined index: user_id in /home/ctuncaco/opss.ctunca.com/vqmod/vqcache/vq2-admin_controller_sale_order.php on line 412
2020-05-28 9:20:53 - PHP Notice:  Undefined index: user_id in /home/ctuncaco/opss.ctunca.com/vqmod/vqcache/vq2-admin_controller_sale_order.php on line 412
2020-05-28 9:20:53 - PHP Notice:  Undefined index: user_id in /home/ctuncaco/opss.ctunca.com/vqmod/vqcache/vq2-admin_controller_sale_order.php on line 412
2020-05-28 9:20:53 - PHP Notice:  Undefined index: user_id in /home/ctuncaco/opss.ctunca.com/vqmod/vqcache/vq2-admin_controller_sale_order.php on line 412
2020-05-28 9:20:53 - PHP Notice:  Undefined index: user_id in /home/ctuncaco/opss.ctunca.com/vqmod/vqcache/vq2-admin_controller_sale_order.php on line 412
2020-05-28 9:20:53 - PHP Notice:  Undefined index: user_id in /home/ctuncaco/opss.ctunca.com/vqmod/vqcache/vq2-admin_controller_sale_order.php on line 412
2020-05-28 9:20:53 - PHP Notice:  Undefined index: user_id in /home/ctuncaco/opss.ctunca.com/vqmod/vqcache/vq2-admin_controller_sale_order.php on line 412
2020-05-28 9:20:53 - PHP Notice:  Undefined index: user_id in /home/ctuncaco/opss.ctunca.com/vqmod/vqcache/vq2-admin_controller_sale_order.php on line 412
2020-05-28 9:20:53 - PHP Notice:  Undefined index: user_id in /home/ctuncaco/opss.ctunca.com/vqmod/vqcache/vq2-admin_controller_sale_order.php on line 412
2020-05-28 9:21:19 - PHP Notice:  Undefined offset: 0 in /home/ctuncaco/opss.ctunca.com/vqmod/vqcache/vq2-admin_controller_customer_customer.php on line 427
2020-05-28 9:24:03 - PHP Notice:  Undefined variable: product_id in /home/ctuncaco/opss.ctunca.com/catalog/controller/product/package.php on line 247
2020-05-28 9:24:15 - PHP Notice:  Undefined index: user_id in /home/ctuncaco/opss.ctunca.com/vqmod/vqcache/vq2-admin_controller_sale_order.php on line 412
2020-05-28 9:24:15 - PHP Notice:  Undefined index: user_id in /home/ctuncaco/opss.ctunca.com/vqmod/vqcache/vq2-admin_controller_sale_order.php on line 412
2020-05-28 9:24:15 - PHP Notice:  Undefined index: user_id in /home/ctuncaco/opss.ctunca.com/vqmod/vqcache/vq2-admin_controller_sale_order.php on line 412
2020-05-28 9:24:15 - PHP Notice:  Undefined index: user_id in /home/ctuncaco/opss.ctunca.com/vqmod/vqcache/vq2-admin_controller_sale_order.php on line 412
2020-05-28 9:24:15 - PHP Notice:  Undefined index: user_id in /home/ctuncaco/opss.ctunca.com/vqmod/vqcache/vq2-admin_controller_sale_order.php on line 412
2020-05-28 9:24:15 - PHP Notice:  Undefined index: user_id in /home/ctuncaco/opss.ctunca.com/vqmod/vqcache/vq2-admin_controller_sale_order.php on line 412
2020-05-28 9:24:15 - PHP Notice:  Undefined index: user_id in /home/ctuncaco/opss.ctunca.com/vqmod/vqcache/vq2-admin_controller_sale_order.php on line 412
2020-05-28 9:24:15 - PHP Notice:  Undefined index: user_id in /home/ctuncaco/opss.ctunca.com/vqmod/vqcache/vq2-admin_controller_sale_order.php on line 412
2020-05-28 9:24:15 - PHP Notice:  Undefined index: user_id in /home/ctuncaco/opss.ctunca.com/vqmod/vqcache/vq2-admin_controller_sale_order.php on line 412
2020-05-28 9:24:15 - PHP Notice:  Undefined index: user_id in /home/ctuncaco/opss.ctunca.com/vqmod/vqcache/vq2-admin_controller_sale_order.php on line 412
2020-05-28 9:25:39 - PHP Notice:  Undefined offset: 0 in /home/ctuncaco/opss.ctunca.com/vqmod/vqcache/vq2-admin_controller_customer_customer.php on line 427
2020-05-28 9:27:45 - PHP Notice:  Undefined index: product_id in /home/ctuncaco/opss.ctunca.com/catalog/controller/product/package.php on line 595
2020-05-28 9:27:45 - PHP Notice:  Undefined index: product_id in /home/ctuncaco/opss.ctunca.com/catalog/controller/product/package.php on line 595
2020-05-28 9:27:45 - PHP Notice:  Undefined index: product_id in /home/ctuncaco/opss.ctunca.com/catalog/controller/product/package.php on line 595
2020-05-28 9:27:45 - PHP Notice:  Undefined index: product_id in /home/ctuncaco/opss.ctunca.com/catalog/controller/product/package.php on line 595
2020-05-28 9:27:45 - PHP Notice:  Undefined index: product_id in /home/ctuncaco/opss.ctunca.com/catalog/controller/product/package.php on line 595
2020-05-28 9:27:45 - PHP Notice:  Undefined index: product_id in /home/ctuncaco/opss.ctunca.com/catalog/controller/product/package.php on line 595
2020-05-28 9:27:45 - PHP Notice:  Undefined index: product_id in /home/ctuncaco/opss.ctunca.com/catalog/controller/product/package.php on line 595
2020-05-28 9:27:45 - PHP Notice:  Undefined index: product_id in /home/ctuncaco/opss.ctunca.com/catalog/controller/product/package.php on line 595
2020-05-28 9:27:45 - PHP Notice:  Undefined index: product_id in /home/ctuncaco/opss.ctunca.com/catalog/controller/product/package.php on line 595
2020-05-28 9:27:45 - PHP Notice:  Undefined index: product_id in /home/ctuncaco/opss.ctunca.com/catalog/controller/product/package.php on line 595
2020-05-28 9:27:45 - PHP Notice:  Undefined index: product_id in /home/ctuncaco/opss.ctunca.com/catalog/controller/product/package.php on line 595
2020-05-28 9:27:45 - PHP Notice:  Undefined index: product_id in /home/ctuncaco/opss.ctunca.com/catalog/controller/product/package.php on line 595
2020-05-28 9:27:45 - PHP Notice:  Undefined index: product_id in /home/ctuncaco/opss.ctunca.com/catalog/controller/product/package.php on line 595
2020-05-28 9:27:45 - PHP Notice:  Undefined index: product_id in /home/ctuncaco/opss.ctunca.com/catalog/controller/product/package.php on line 595
2020-05-28 9:27:45 - PHP Notice:  Undefined index: product_id in /home/ctuncaco/opss.ctunca.com/catalog/controller/product/package.php on line 595
2020-05-28 9:27:45 - PHP Notice:  Undefined index: product_id in /home/ctuncaco/opss.ctunca.com/catalog/controller/product/package.php on line 595
2020-05-28 9:27:45 - PHP Notice:  Undefined index: product_id in /home/ctuncaco/opss.ctunca.com/catalog/controller/product/package.php on line 595
2020-05-28 9:27:45 - PHP Notice:  Undefined index: product_id in /home/ctuncaco/opss.ctunca.com/catalog/controller/product/package.php on line 595
2020-05-28 9:27:45 - PHP Notice:  Undefined index: product_id in /home/ctuncaco/opss.ctunca.com/catalog/controller/product/package.php on line 595
2020-05-28 9:27:45 - PHP Notice:  Undefined index: product_id in /home/ctuncaco/opss.ctunca.com/catalog/controller/product/package.php on line 595
2020-05-28 9:27:45 - PHP Notice:  Undefined index: product_id in /home/ctuncaco/opss.ctunca.com/catalog/controller/product/package.php on line 595
2020-05-28 9:27:45 - PHP Notice:  Undefined index: product_id in /home/ctuncaco/opss.ctunca.com/catalog/controller/product/package.php on line 595
2020-05-28 9:27:45 - PHP Notice:  Undefined index: product_id in /home/ctuncaco/opss.ctunca.com/catalog/controller/product/package.php on line 595
2020-05-28 9:27:45 - PHP Notice:  Undefined index: product_id in /home/ctuncaco/opss.ctunca.com/catalog/controller/product/package.php on line 595
2020-05-28 9:27:45 - PHP Notice:  Undefined index: product_id in /home/ctuncaco/opss.ctunca.com/catalog/controller/product/package.php on line 595
2020-05-28 9:27:45 - PHP Notice:  Undefined index: product_id in /home/ctuncaco/opss.ctunca.com/catalog/controller/product/package.php on line 595
2020-05-28 9:28:10 - PHP Notice:  Undefined offset: 0 in /home/ctuncaco/opss.ctunca.com/vqmod/vqcache/vq2-admin_controller_customer_customer.php on line 427
2020-05-28 9:28:35 - PHP Notice:  Undefined index: user_id in /home/ctuncaco/opss.ctunca.com/vqmod/vqcache/vq2-admin_controller_sale_order.php on line 412
2020-05-28 9:28:35 - PHP Notice:  Undefined index: user_id in /home/ctuncaco/opss.ctunca.com/vqmod/vqcache/vq2-admin_controller_sale_order.php on line 412
2020-05-28 9:28:35 - PHP Notice:  Undefined index: user_id in /home/ctuncaco/opss.ctunca.com/vqmod/vqcache/vq2-admin_controller_sale_order.php on line 412
2020-05-28 9:28:35 - PHP Notice:  Undefined index: user_id in /home/ctuncaco/opss.ctunca.com/vqmod/vqcache/vq2-admin_controller_sale_order.php on line 412
2020-05-28 9:28:35 - PHP Notice:  Undefined index: user_id in /home/ctuncaco/opss.ctunca.com/vqmod/vqcache/vq2-admin_controller_sale_order.php on line 412
2020-05-28 9:28:35 - PHP Notice:  Undefined index: user_id in /home/ctuncaco/opss.ctunca.com/vqmod/vqcache/vq2-admin_controller_sale_order.php on line 412
2020-05-28 9:28:35 - PHP Notice:  Undefined index: user_id in /home/ctuncaco/opss.ctunca.com/vqmod/vqcache/vq2-admin_controller_sale_order.php on line 412
2020-05-28 9:28:35 - PHP Notice:  Undefined index: user_id in /home/ctuncaco/opss.ctunca.com/vqmod/vqcache/vq2-admin_controller_sale_order.php on line 412
2020-05-28 9:28:35 - PHP Notice:  Undefined index: user_id in /home/ctuncaco/opss.ctunca.com/vqmod/vqcache/vq2-admin_controller_sale_order.php on line 412
2020-05-28 9:28:35 - PHP Notice:  Undefined index: user_id in /home/ctuncaco/opss.ctunca.com/vqmod/vqcache/vq2-admin_controller_sale_order.php on line 412
2020-05-28 9:29:46 - PHP Notice:  Undefined offset: 0 in /home/ctuncaco/opss.ctunca.com/vqmod/vqcache/vq2-admin_controller_customer_customer.php on line 427
2020-05-28 9:31:10 - PHP Notice:  Undefined offset: 0 in /home/ctuncaco/opss.ctunca.com/vqmod/vqcache/vq2-admin_controller_customer_customer.php on line 427
2020-05-28 9:53:19 - PHP Warning:  implode(): Invalid arguments passed in /home/ctuncaco/opss.ctunca.com/admin/model/extension/report/product.php on line 114
2020-05-28 9:57:28 - PHP Notice:  Undefined offset: 0 in /home/ctuncaco/opss.ctunca.com/vqmod/vqcache/vq2-admin_controller_customer_customer.php on line 427
2020-05-31 16:28:58 - PHP Notice:  Undefined offset: 0 in /home/ctuncaco/opss.ctunca.com/vqmod/vqcache/vq2-admin_controller_customer_customer.php on line 427
2020-06-01 6:56:43 - PHP Notice:  Undefined offset: 0 in /home/ctuncaco/opss.ctunca.com/vqmod/vqcache/vq2-admin_controller_customer_customer.php on line 427
2020-06-01 8:30:33 - PHP Notice:  Undefined offset: 0 in /home/ctuncaco/opss.ctunca.com/vqmod/vqcache/vq2-admin_controller_customer_customer.php on line 427
2020-06-01 8:31:00 - PHP Notice:  Undefined offset: 0 in /home/ctuncaco/opss.ctunca.com/vqmod/vqcache/vq2-admin_controller_customer_customer.php on line 427
2020-06-01 9:03:37 - PHP Notice:  Undefined variable: product_id in /home/ctuncaco/opss.ctunca.com/catalog/controller/product/package.php on line 247
2020-06-01 9:03:41 - PHP Notice:  Undefined variable: product_id in /home/ctuncaco/opss.ctunca.com/catalog/controller/product/package.php on line 247
2020-06-01 9:03:48 - PHP Notice:  Undefined variable: product_id in /home/ctuncaco/opss.ctunca.com/catalog/controller/product/package.php on line 247
2020-06-01 9:04:10 - PHP Notice:  Undefined variable: product_id in /home/ctuncaco/opss.ctunca.com/catalog/controller/product/package.php on line 247
2020-06-01 9:04:14 - PHP Notice:  Undefined variable: product_id in /home/ctuncaco/opss.ctunca.com/catalog/controller/product/package.php on line 247
2020-06-01 9:05:31 - PHP Notice:  Undefined variable: product_id in /home/ctuncaco/opss.ctunca.com/catalog/controller/product/package.php on line 247
2020-06-01 9:06:03 - PHP Notice:  Undefined variable: product_id in /home/ctuncaco/opss.ctunca.com/catalog/controller/product/package.php on line 247
2020-06-02 14:43:18 - PHP Notice:  Undefined variable: product_id in /home/ctuncaco/opss.ctunca.com/catalog/controller/product/package.php on line 247
2020-06-02 14:43:21 - PHP Notice:  Undefined variable: product_id in /home/ctuncaco/opss.ctunca.com/catalog/controller/product/package.php on line 247
2020-06-10 8:33:27 - PHP Notice:  Undefined index: is_admin in /home/ctuncaco/opss.ctunca.com/vqmod/vqcache/vq2-admin_controller_common_column_left.php on line 6
2020-06-10 8:33:35 - PHP Notice:  Undefined index: is_admin in /home/ctuncaco/opss.ctunca.com/vqmod/vqcache/vq2-admin_controller_common_column_left.php on line 6
2020-06-10 8:35:49 - PHP Notice:  Undefined index: user_id in /home/ctuncaco/opss.ctunca.com/vqmod/vqcache/vq2-admin_controller_sale_order.php on line 412
2020-06-10 8:35:49 - PHP Notice:  Undefined index: user_id in /home/ctuncaco/opss.ctunca.com/vqmod/vqcache/vq2-admin_controller_sale_order.php on line 412
2020-06-10 8:35:49 - PHP Notice:  Undefined index: user_id in /home/ctuncaco/opss.ctunca.com/vqmod/vqcache/vq2-admin_controller_sale_order.php on line 412
2020-06-10 8:35:49 - PHP Notice:  Undefined index: user_id in /home/ctuncaco/opss.ctunca.com/vqmod/vqcache/vq2-admin_controller_sale_order.php on line 412
2020-06-10 8:35:49 - PHP Notice:  Undefined index: user_id in /home/ctuncaco/opss.ctunca.com/vqmod/vqcache/vq2-admin_controller_sale_order.php on line 412
2020-06-10 8:35:49 - PHP Notice:  Undefined index: user_id in /home/ctuncaco/opss.ctunca.com/vqmod/vqcache/vq2-admin_controller_sale_order.php on line 412
2020-06-10 8:35:49 - PHP Notice:  Undefined index: user_id in /home/ctuncaco/opss.ctunca.com/vqmod/vqcache/vq2-admin_controller_sale_order.php on line 412
2020-06-10 8:35:49 - PHP Notice:  Undefined index: user_id in /home/ctuncaco/opss.ctunca.com/vqmod/vqcache/vq2-admin_controller_sale_order.php on line 412
2020-06-10 8:35:49 - PHP Notice:  Undefined index: user_id in /home/ctuncaco/opss.ctunca.com/vqmod/vqcache/vq2-admin_controller_sale_order.php on line 412
2020-06-10 8:35:49 - PHP Notice:  Undefined index: user_id in /home/ctuncaco/opss.ctunca.com/vqmod/vqcache/vq2-admin_controller_sale_order.php on line 412
2020-06-10 8:38:21 - PHP Notice:  Undefined variable: marketing in /home/ctuncaco/opss.ctunca.com/vqmod/vqcache/vq2-admin_controller_common_column_left.php on line 399
2020-06-10 8:38:21 - PHP Warning:  array_merge(): Argument #2 is not an array in /home/ctuncaco/opss.ctunca.com/vqmod/vqcache/vq2-admin_controller_common_column_left.php on line 399
2020-06-10 8:39:51 - PHP Notice:  Undefined variable: marketing in /home/ctuncaco/opss.ctunca.com/vqmod/vqcache/vq2-admin_controller_common_column_left.php on line 401
2020-06-10 8:39:51 - PHP Warning:  array_merge(): Argument #2 is not an array in /home/ctuncaco/opss.ctunca.com/vqmod/vqcache/vq2-admin_controller_common_column_left.php on line 401
2020-06-10 8:40:19 - PHP Notice:  Undefined variable: marketing in /home/ctuncaco/opss.ctunca.com/vqmod/vqcache/vq2-admin_controller_common_column_left.php on line 399
2020-06-10 8:40:19 - PHP Warning:  array_merge(): Argument #2 is not an array in /home/ctuncaco/opss.ctunca.com/vqmod/vqcache/vq2-admin_controller_common_column_left.php on line 399
2020-06-10 8:40:20 - PHP Notice:  Undefined variable: marketing in /home/ctuncaco/opss.ctunca.com/vqmod/vqcache/vq2-admin_controller_common_column_left.php on line 399
2020-06-10 8:40:20 - PHP Warning:  array_merge(): Argument #2 is not an array in /home/ctuncaco/opss.ctunca.com/vqmod/vqcache/vq2-admin_controller_common_column_left.php on line 399
2020-06-10 9:20:07 - PHP Notice:  Undefined variable: marketing in /home/ctuncaco/opss.ctunca.com/vqmod/vqcache/vq2-admin_controller_common_column_left.php on line 399
2020-06-10 9:20:07 - PHP Warning:  array_merge(): Argument #2 is not an array in /home/ctuncaco/opss.ctunca.com/vqmod/vqcache/vq2-admin_controller_common_column_left.php on line 399
2020-06-10 9:23:12 - PHP Notice:  Undefined variable: marketing in /home/ctuncaco/opss.ctunca.com/vqmod/vqcache/vq2-admin_controller_common_column_left.php on line 399
2020-06-10 9:23:12 - PHP Warning:  array_merge(): Argument #2 is not an array in /home/ctuncaco/opss.ctunca.com/vqmod/vqcache/vq2-admin_controller_common_column_left.php on line 399
2020-06-10 9:23:24 - PHP Notice:  Undefined variable: marketing in /home/ctuncaco/opss.ctunca.com/vqmod/vqcache/vq2-admin_controller_common_column_left.php on line 399
2020-06-10 9:23:24 - PHP Warning:  array_merge(): Argument #2 is not an array in /home/ctuncaco/opss.ctunca.com/vqmod/vqcache/vq2-admin_controller_common_column_left.php on line 399
2020-06-10 9:23:36 - PHP Notice:  Undefined variable: marketing in /home/ctuncaco/opss.ctunca.com/vqmod/vqcache/vq2-admin_controller_common_column_left.php on line 399
2020-06-10 9:23:36 - PHP Warning:  array_merge(): Argument #2 is not an array in /home/ctuncaco/opss.ctunca.com/vqmod/vqcache/vq2-admin_controller_common_column_left.php on line 399
2020-06-10 9:23:46 - PHP Notice:  Undefined variable: marketing in /home/ctuncaco/opss.ctunca.com/vqmod/vqcache/vq2-admin_controller_common_column_left.php on line 399
2020-06-10 9:23:46 - PHP Warning:  array_merge(): Argument #2 is not an array in /home/ctuncaco/opss.ctunca.com/vqmod/vqcache/vq2-admin_controller_common_column_left.php on line 399
2020-06-10 9:24:41 - PHP Notice:  Undefined variable: marketing in /home/ctuncaco/opss.ctunca.com/vqmod/vqcache/vq2-admin_controller_common_column_left.php on line 399
2020-06-10 9:24:41 - PHP Warning:  array_merge(): Argument #2 is not an array in /home/ctuncaco/opss.ctunca.com/vqmod/vqcache/vq2-admin_controller_common_column_left.php on line 399
2020-06-10 9:25:00 - PHP Notice:  Undefined variable: marketing in /home/ctuncaco/opss.ctunca.com/vqmod/vqcache/vq2-admin_controller_common_column_left.php on line 399
2020-06-10 9:25:00 - PHP Warning:  array_merge(): Argument #2 is not an array in /home/ctuncaco/opss.ctunca.com/vqmod/vqcache/vq2-admin_controller_common_column_left.php on line 399
2020-06-10 9:25:03 - PHP Notice:  Undefined variable: marketing in /home/ctuncaco/opss.ctunca.com/vqmod/vqcache/vq2-admin_controller_common_column_left.php on line 399
2020-06-10 9:25:03 - PHP Warning:  array_merge(): Argument #2 is not an array in /home/ctuncaco/opss.ctunca.com/vqmod/vqcache/vq2-admin_controller_common_column_left.php on line 399
2020-06-10 9:25:43 - PHP Notice:  Undefined variable: marketing in /home/ctuncaco/opss.ctunca.com/vqmod/vqcache/vq2-admin_controller_common_column_left.php on line 399
2020-06-10 9:25:43 - PHP Warning:  array_merge(): Argument #2 is not an array in /home/ctuncaco/opss.ctunca.com/vqmod/vqcache/vq2-admin_controller_common_column_left.php on line 399
2020-06-10 9:26:33 - PHP Notice:  Undefined variable: marketing in /home/ctuncaco/opss.ctunca.com/vqmod/vqcache/vq2-admin_controller_common_column_left.php on line 399
2020-06-10 9:26:33 - PHP Warning:  array_merge(): Argument #2 is not an array in /home/ctuncaco/opss.ctunca.com/vqmod/vqcache/vq2-admin_controller_common_column_left.php on line 399
2020-06-10 9:27:38 - PHP Notice:  Undefined variable: marketing in /home/ctuncaco/opss.ctunca.com/vqmod/vqcache/vq2-admin_controller_common_column_left.php on line 399
2020-06-10 9:27:38 - PHP Warning:  array_merge(): Argument #2 is not an array in /home/ctuncaco/opss.ctunca.com/vqmod/vqcache/vq2-admin_controller_common_column_left.php on line 399
2020-06-10 9:27:42 - PHP Notice:  Undefined variable: marketing in /home/ctuncaco/opss.ctunca.com/vqmod/vqcache/vq2-admin_controller_common_column_left.php on line 399
2020-06-10 9:27:42 - PHP Warning:  array_merge(): Argument #2 is not an array in /home/ctuncaco/opss.ctunca.com/vqmod/vqcache/vq2-admin_controller_common_column_left.php on line 399
2020-06-10 9:27:45 - PHP Notice:  Undefined variable: marketing in /home/ctuncaco/opss.ctunca.com/vqmod/vqcache/vq2-admin_controller_common_column_left.php on line 399
2020-06-10 9:27:45 - PHP Warning:  array_merge(): Argument #2 is not an array in /home/ctuncaco/opss.ctunca.com/vqmod/vqcache/vq2-admin_controller_common_column_left.php on line 399
2020-06-10 9:28:06 - PHP Notice:  Undefined variable: marketing in /home/ctuncaco/opss.ctunca.com/vqmod/vqcache/vq2-admin_controller_common_column_left.php on line 399
2020-06-10 9:28:06 - PHP Warning:  array_merge(): Argument #2 is not an array in /home/ctuncaco/opss.ctunca.com/vqmod/vqcache/vq2-admin_controller_common_column_left.php on line 399
2020-06-10 9:28:11 - PHP Notice:  Undefined variable: marketing in /home/ctuncaco/opss.ctunca.com/vqmod/vqcache/vq2-admin_controller_common_column_left.php on line 399
2020-06-10 9:28:11 - PHP Warning:  array_merge(): Argument #2 is not an array in /home/ctuncaco/opss.ctunca.com/vqmod/vqcache/vq2-admin_controller_common_column_left.php on line 399
2020-06-10 9:28:59 - PHP Notice:  Undefined variable: marketing in /home/ctuncaco/opss.ctunca.com/vqmod/vqcache/vq2-admin_controller_common_column_left.php on line 397
2020-06-10 9:28:59 - PHP Warning:  array_merge(): Argument #2 is not an array in /home/ctuncaco/opss.ctunca.com/vqmod/vqcache/vq2-admin_controller_common_column_left.php on line 397
2020-06-10 9:29:05 - PHP Notice:  Undefined variable: marketing in /home/ctuncaco/opss.ctunca.com/vqmod/vqcache/vq2-admin_controller_common_column_left.php on line 397
2020-06-10 9:29:05 - PHP Warning:  array_merge(): Argument #2 is not an array in /home/ctuncaco/opss.ctunca.com/vqmod/vqcache/vq2-admin_controller_common_column_left.php on line 397
2020-06-10 9:29:34 - PHP Notice:  Undefined variable: marketing in /home/ctuncaco/opss.ctunca.com/vqmod/vqcache/vq2-admin_controller_common_column_left.php on line 399
2020-06-10 9:29:34 - PHP Warning:  array_merge(): Argument #2 is not an array in /home/ctuncaco/opss.ctunca.com/vqmod/vqcache/vq2-admin_controller_common_column_left.php on line 399
2020-06-10 9:29:40 - PHP Notice:  Undefined variable: marketing in /home/ctuncaco/opss.ctunca.com/vqmod/vqcache/vq2-admin_controller_common_column_left.php on line 397
2020-06-10 9:29:40 - PHP Warning:  array_merge(): Argument #2 is not an array in /home/ctuncaco/opss.ctunca.com/vqmod/vqcache/vq2-admin_controller_common_column_left.php on line 397
2020-06-10 9:31:40 - PHP Notice:  Undefined variable: marketing in /home/ctuncaco/opss.ctunca.com/vqmod/vqcache/vq2-admin_controller_common_column_left.php on line 401
2020-06-10 9:31:40 - PHP Warning:  array_merge(): Argument #2 is not an array in /home/ctuncaco/opss.ctunca.com/vqmod/vqcache/vq2-admin_controller_common_column_left.php on line 401
2020-06-10 9:31:47 - PHP Notice:  Undefined variable: marketing in /home/ctuncaco/opss.ctunca.com/vqmod/vqcache/vq2-admin_controller_common_column_left.php on line 401
2020-06-10 9:31:47 - PHP Warning:  array_merge(): Argument #2 is not an array in /home/ctuncaco/opss.ctunca.com/vqmod/vqcache/vq2-admin_controller_common_column_left.php on line 401
2020-06-16 3:42:47 - PHP Notice:  Undefined index: user_id in /home/ctuncaco/opss.ctunca.com/vqmod/vqcache/vq2-admin_controller_sale_order.php on line 412
2020-06-16 3:42:47 - PHP Notice:  Undefined index: user_id in /home/ctuncaco/opss.ctunca.com/vqmod/vqcache/vq2-admin_controller_sale_order.php on line 412
2020-06-16 3:42:47 - PHP Notice:  Undefined index: user_id in /home/ctuncaco/opss.ctunca.com/vqmod/vqcache/vq2-admin_controller_sale_order.php on line 412
2020-06-16 3:42:47 - PHP Notice:  Undefined index: user_id in /home/ctuncaco/opss.ctunca.com/vqmod/vqcache/vq2-admin_controller_sale_order.php on line 412
2020-06-16 3:42:47 - PHP Notice:  Undefined index: user_id in /home/ctuncaco/opss.ctunca.com/vqmod/vqcache/vq2-admin_controller_sale_order.php on line 412
2020-06-16 3:42:47 - PHP Notice:  Undefined index: user_id in /home/ctuncaco/opss.ctunca.com/vqmod/vqcache/vq2-admin_controller_sale_order.php on line 412
2020-06-16 3:42:47 - PHP Notice:  Undefined index: user_id in /home/ctuncaco/opss.ctunca.com/vqmod/vqcache/vq2-admin_controller_sale_order.php on line 412
2020-06-16 3:42:47 - PHP Notice:  Undefined index: user_id in /home/ctuncaco/opss.ctunca.com/vqmod/vqcache/vq2-admin_controller_sale_order.php on line 412
2020-06-16 3:42:47 - PHP Notice:  Undefined index: user_id in /home/ctuncaco/opss.ctunca.com/vqmod/vqcache/vq2-admin_controller_sale_order.php on line 412
2020-06-16 3:42:47 - PHP Notice:  Undefined index: user_id in /home/ctuncaco/opss.ctunca.com/vqmod/vqcache/vq2-admin_controller_sale_order.php on line 412
2020-06-16 3:42:47 - PHP Notice:  Undefined index: user_id in /home/ctuncaco/opss.ctunca.com/vqmod/vqcache/vq2-admin_controller_sale_order.php on line 412
2020-06-16 3:43:07 - PHP Notice:  Undefined index: user_id in /home/ctuncaco/opss.ctunca.com/vqmod/vqcache/vq2-admin_controller_sale_order.php on line 412
2020-06-16 3:43:07 - PHP Notice:  Undefined index: user_id in /home/ctuncaco/opss.ctunca.com/vqmod/vqcache/vq2-admin_controller_sale_order.php on line 412
2020-06-16 3:43:07 - PHP Notice:  Undefined index: user_id in /home/ctuncaco/opss.ctunca.com/vqmod/vqcache/vq2-admin_controller_sale_order.php on line 412
2020-06-16 3:43:07 - PHP Notice:  Undefined index: user_id in /home/ctuncaco/opss.ctunca.com/vqmod/vqcache/vq2-admin_controller_sale_order.php on line 412
2020-06-16 3:43:07 - PHP Notice:  Undefined index: user_id in /home/ctuncaco/opss.ctunca.com/vqmod/vqcache/vq2-admin_controller_sale_order.php on line 412
2020-06-16 3:43:07 - PHP Notice:  Undefined index: user_id in /home/ctuncaco/opss.ctunca.com/vqmod/vqcache/vq2-admin_controller_sale_order.php on line 412
2020-06-16 3:43:07 - PHP Notice:  Undefined index: user_id in /home/ctuncaco/opss.ctunca.com/vqmod/vqcache/vq2-admin_controller_sale_order.php on line 412
2020-06-16 3:43:07 - PHP Notice:  Undefined index: user_id in /home/ctuncaco/opss.ctunca.com/vqmod/vqcache/vq2-admin_controller_sale_order.php on line 412
2020-06-16 3:43:07 - PHP Notice:  Undefined index: user_id in /home/ctuncaco/opss.ctunca.com/vqmod/vqcache/vq2-admin_controller_sale_order.php on line 412
2020-06-16 3:43:07 - PHP Notice:  Undefined index: user_id in /home/ctuncaco/opss.ctunca.com/vqmod/vqcache/vq2-admin_controller_sale_order.php on line 412
2020-07-07 23:51:50 - PHP Warning:  unlink(/home/ctuncaco/opss.ctunca.com/system/storage/cache/cache.catalog.language.1594165898): No such file or directory in /home/ctuncaco/opss.ctunca.com/system/library/cache/file.php on line 17
2020-07-07 23:51:50 - PHP Warning:  unlink(/home/ctuncaco/opss.ctunca.com/system/storage/cache/cache.currency.1594165897): No such file or directory in /home/ctuncaco/opss.ctunca.com/system/library/cache/file.php on line 17
2020-07-07 23:51:50 - PHP Warning:  unlink(/home/ctuncaco/opss.ctunca.com/system/storage/cache/cache.product.latest.1.0.1.3.1594165898): No such file or directory in /home/ctuncaco/opss.ctunca.com/system/library/cache/file.php on line 17
2020-07-16 11:00:35 - PHP Warning:  unlink(/home/ctuncaco/opss.ctunca.com/system/storage/cache/cache.product.latest.1.0.1.3.1594893703): No such file or directory in /home/ctuncaco/opss.ctunca.com/system/library/cache/file.php on line 17
2020-07-23 4:32:58 - PHP Notice:  Undefined index: product in /home/ctuncaco/opss.ctunca.com/admin/model/catalog/package.php on line 29
2020-07-23 4:32:58 - PHP Warning:  Invalid argument supplied for foreach() in /home/ctuncaco/opss.ctunca.com/admin/model/catalog/package.php on line 29
2020-07-23 4:37:02 - PHP Notice:  Undefined variable: product_id in /home/ctuncaco/opss.ctunca.com/catalog/controller/product/package.php on line 247
2020-07-23 5:29:35 - PHP Notice:  Undefined variable: product_id in /home/ctuncaco/opss.ctunca.com/catalog/controller/product/package.php on line 247
2020-07-23 5:30:00 - PHP Notice:  Undefined variable: product_id in /home/ctuncaco/opss.ctunca.com/catalog/controller/product/package.php on line 247
2020-07-23 5:31:26 - PHP Notice:  Undefined variable: product_id in /home/ctuncaco/opss.ctunca.com/catalog/controller/product/package.php on line 247
2020-07-23 5:36:10 - PHP Notice:  Undefined index: package in /home/ctuncaco/opss.ctunca.com/admin/model/catalog/class.php on line 74
2020-07-23 5:36:10 - PHP Warning:  Invalid argument supplied for foreach() in /home/ctuncaco/opss.ctunca.com/admin/model/catalog/class.php on line 74
2020-07-28 3:55:52 - PHP Notice:  Undefined index: user_id in /home/ctuncaco/opss.ctunca.com/vqmod/vqcache/vq2-admin_controller_sale_order.php on line 412
2020-07-28 3:55:52 - PHP Notice:  Undefined index: user_id in /home/ctuncaco/opss.ctunca.com/vqmod/vqcache/vq2-admin_controller_sale_order.php on line 412
2020-07-28 3:55:52 - PHP Notice:  Undefined index: user_id in /home/ctuncaco/opss.ctunca.com/vqmod/vqcache/vq2-admin_controller_sale_order.php on line 412
2020-07-28 3:55:52 - PHP Notice:  Undefined index: user_id in /home/ctuncaco/opss.ctunca.com/vqmod/vqcache/vq2-admin_controller_sale_order.php on line 412
2020-07-28 3:55:52 - PHP Notice:  Undefined index: user_id in /home/ctuncaco/opss.ctunca.com/vqmod/vqcache/vq2-admin_controller_sale_order.php on line 412
2020-07-28 3:55:52 - PHP Notice:  Undefined index: user_id in /home/ctuncaco/opss.ctunca.com/vqmod/vqcache/vq2-admin_controller_sale_order.php on line 412
2020-07-28 3:55:52 - PHP Notice:  Undefined index: user_id in /home/ctuncaco/opss.ctunca.com/vqmod/vqcache/vq2-admin_controller_sale_order.php on line 412
2020-07-28 3:55:52 - PHP Notice:  Undefined index: user_id in /home/ctuncaco/opss.ctunca.com/vqmod/vqcache/vq2-admin_controller_sale_order.php on line 412
2020-07-28 3:55:52 - PHP Notice:  Undefined index: user_id in /home/ctuncaco/opss.ctunca.com/vqmod/vqcache/vq2-admin_controller_sale_order.php on line 412
2020-07-28 3:55:52 - PHP Notice:  Undefined index: user_id in /home/ctuncaco/opss.ctunca.com/vqmod/vqcache/vq2-admin_controller_sale_order.php on line 412
2020-07-30 10:02:57 - PHP Notice:  Undefined index: user_id in /home/ctuncaco/opss.ctunca.com/vqmod/vqcache/vq2-admin_controller_sale_order.php on line 412
2020-07-30 10:02:57 - PHP Notice:  Undefined index: user_id in /home/ctuncaco/opss.ctunca.com/vqmod/vqcache/vq2-admin_controller_sale_order.php on line 412
2020-07-30 10:02:57 - PHP Notice:  Undefined index: user_id in /home/ctuncaco/opss.ctunca.com/vqmod/vqcache/vq2-admin_controller_sale_order.php on line 412
2020-07-30 10:02:57 - PHP Notice:  Undefined index: user_id in /home/ctuncaco/opss.ctunca.com/vqmod/vqcache/vq2-admin_controller_sale_order.php on line 412
2020-07-30 10:02:57 - PHP Notice:  Undefined index: user_id in /home/ctuncaco/opss.ctunca.com/vqmod/vqcache/vq2-admin_controller_sale_order.php on line 412
2020-07-30 10:02:57 - PHP Notice:  Undefined index: user_id in /home/ctuncaco/opss.ctunca.com/vqmod/vqcache/vq2-admin_controller_sale_order.php on line 412
2020-07-30 10:02:57 - PHP Notice:  Undefined index: user_id in /home/ctuncaco/opss.ctunca.com/vqmod/vqcache/vq2-admin_controller_sale_order.php on line 412
2020-07-30 10:02:57 - PHP Notice:  Undefined index: user_id in /home/ctuncaco/opss.ctunca.com/vqmod/vqcache/vq2-admin_controller_sale_order.php on line 412
2020-07-30 10:02:57 - PHP Notice:  Undefined index: user_id in /home/ctuncaco/opss.ctunca.com/vqmod/vqcache/vq2-admin_controller_sale_order.php on line 412
2020-07-30 10:02:57 - PHP Notice:  Undefined index: user_id in /home/ctuncaco/opss.ctunca.com/vqmod/vqcache/vq2-admin_controller_sale_order.php on line 412
2020-07-30 10:04:29 - PHP Notice:  Undefined index: user_id in /home/ctuncaco/opss.ctunca.com/vqmod/vqcache/vq2-admin_controller_sale_order.php on line 412
2020-07-30 10:04:29 - PHP Notice:  Undefined index: user_id in /home/ctuncaco/opss.ctunca.com/vqmod/vqcache/vq2-admin_controller_sale_order.php on line 412
2020-07-30 10:04:29 - PHP Notice:  Undefined index: user_id in /home/ctuncaco/opss.ctunca.com/vqmod/vqcache/vq2-admin_controller_sale_order.php on line 412
2020-07-30 10:04:29 - PHP Notice:  Undefined index: user_id in /home/ctuncaco/opss.ctunca.com/vqmod/vqcache/vq2-admin_controller_sale_order.php on line 412
2020-07-30 10:04:29 - PHP Notice:  Undefined index: user_id in /home/ctuncaco/opss.ctunca.com/vqmod/vqcache/vq2-admin_controller_sale_order.php on line 412
2020-07-30 10:04:29 - PHP Notice:  Undefined index: user_id in /home/ctuncaco/opss.ctunca.com/vqmod/vqcache/vq2-admin_controller_sale_order.php on line 412
2020-07-30 10:04:29 - PHP Notice:  Undefined index: user_id in /home/ctuncaco/opss.ctunca.com/vqmod/vqcache/vq2-admin_controller_sale_order.php on line 412
2020-07-30 10:04:29 - PHP Notice:  Undefined index: user_id in /home/ctuncaco/opss.ctunca.com/vqmod/vqcache/vq2-admin_controller_sale_order.php on line 412
2020-07-30 10:04:29 - PHP Notice:  Undefined index: user_id in /home/ctuncaco/opss.ctunca.com/vqmod/vqcache/vq2-admin_controller_sale_order.php on line 412
2020-07-30 10:04:29 - PHP Notice:  Undefined index: user_id in /home/ctuncaco/opss.ctunca.com/vqmod/vqcache/vq2-admin_controller_sale_order.php on line 412
2020-07-30 10:06:38 - PHP Notice:  Undefined index: user_id in /home/ctuncaco/opss.ctunca.com/vqmod/vqcache/vq2-admin_controller_sale_order.php on line 412
2020-07-30 10:06:38 - PHP Notice:  Undefined index: user_id in /home/ctuncaco/opss.ctunca.com/vqmod/vqcache/vq2-admin_controller_sale_order.php on line 412
2020-07-30 10:06:38 - PHP Notice:  Undefined index: user_id in /home/ctuncaco/opss.ctunca.com/vqmod/vqcache/vq2-admin_controller_sale_order.php on line 412
2020-07-30 10:06:38 - PHP Notice:  Undefined index: user_id in /home/ctuncaco/opss.ctunca.com/vqmod/vqcache/vq2-admin_controller_sale_order.php on line 412
2020-07-30 10:06:38 - PHP Notice:  Undefined index: user_id in /home/ctuncaco/opss.ctunca.com/vqmod/vqcache/vq2-admin_controller_sale_order.php on line 412
2020-07-30 10:06:38 - PHP Notice:  Undefined index: user_id in /home/ctuncaco/opss.ctunca.com/vqmod/vqcache/vq2-admin_controller_sale_order.php on line 412
2020-07-30 10:06:38 - PHP Notice:  Undefined index: user_id in /home/ctuncaco/opss.ctunca.com/vqmod/vqcache/vq2-admin_controller_sale_order.php on line 412
2020-07-30 10:06:38 - PHP Notice:  Undefined index: user_id in /home/ctuncaco/opss.ctunca.com/vqmod/vqcache/vq2-admin_controller_sale_order.php on line 412
2020-07-30 10:06:38 - PHP Notice:  Undefined index: user_id in /home/ctuncaco/opss.ctunca.com/vqmod/vqcache/vq2-admin_controller_sale_order.php on line 412
2020-07-30 10:06:38 - PHP Notice:  Undefined index: user_id in /home/ctuncaco/opss.ctunca.com/vqmod/vqcache/vq2-admin_controller_sale_order.php on line 412
2020-07-30 10:06:38 - PHP Notice:  Undefined index: user_id in /home/ctuncaco/opss.ctunca.com/vqmod/vqcache/vq2-admin_controller_sale_order.php on line 412
2020-07-30 10:10:35 - PHP Notice:  Undefined index: user_id in /home/ctuncaco/opss.ctunca.com/vqmod/vqcache/vq2-admin_controller_sale_order.php on line 412
2020-07-30 10:10:35 - PHP Notice:  Undefined index: user_id in /home/ctuncaco/opss.ctunca.com/vqmod/vqcache/vq2-admin_controller_sale_order.php on line 412
2020-07-30 10:10:35 - PHP Notice:  Undefined index: user_id in /home/ctuncaco/opss.ctunca.com/vqmod/vqcache/vq2-admin_controller_sale_order.php on line 412
2020-07-30 10:10:35 - PHP Notice:  Undefined index: user_id in /home/ctuncaco/opss.ctunca.com/vqmod/vqcache/vq2-admin_controller_sale_order.php on line 412
2020-07-30 10:10:35 - PHP Notice:  Undefined index: user_id in /home/ctuncaco/opss.ctunca.com/vqmod/vqcache/vq2-admin_controller_sale_order.php on line 412
2020-07-30 10:10:35 - PHP Notice:  Undefined index: user_id in /home/ctuncaco/opss.ctunca.com/vqmod/vqcache/vq2-admin_controller_sale_order.php on line 412
2020-07-30 10:10:35 - PHP Notice:  Undefined index: user_id in /home/ctuncaco/opss.ctunca.com/vqmod/vqcache/vq2-admin_controller_sale_order.php on line 412
2020-07-30 10:10:35 - PHP Notice:  Undefined index: user_id in /home/ctuncaco/opss.ctunca.com/vqmod/vqcache/vq2-admin_controller_sale_order.php on line 412
2020-07-30 10:10:35 - PHP Notice:  Undefined index: user_id in /home/ctuncaco/opss.ctunca.com/vqmod/vqcache/vq2-admin_controller_sale_order.php on line 412
2020-07-30 10:10:35 - PHP Notice:  Undefined index: user_id in /home/ctuncaco/opss.ctunca.com/vqmod/vqcache/vq2-admin_controller_sale_order.php on line 412
2020-07-30 10:10:35 - PHP Notice:  Undefined index: user_id in /home/ctuncaco/opss.ctunca.com/vqmod/vqcache/vq2-admin_controller_sale_order.php on line 412
2020-07-30 10:10:35 - PHP Notice:  Undefined index: user_id in /home/ctuncaco/opss.ctunca.com/vqmod/vqcache/vq2-admin_controller_sale_order.php on line 412
2020-07-30 12:02:34 - PHP Notice:  Undefined index: user_id in /home/ctuncaco/opss.ctunca.com/vqmod/vqcache/vq2-admin_controller_sale_order.php on line 412
2020-07-30 12:02:34 - PHP Notice:  Undefined index: user_id in /home/ctuncaco/opss.ctunca.com/vqmod/vqcache/vq2-admin_controller_sale_order.php on line 412
2020-07-30 12:02:34 - PHP Notice:  Undefined index: user_id in /home/ctuncaco/opss.ctunca.com/vqmod/vqcache/vq2-admin_controller_sale_order.php on line 412
2020-07-30 12:02:34 - PHP Notice:  Undefined index: user_id in /home/ctuncaco/opss.ctunca.com/vqmod/vqcache/vq2-admin_controller_sale_order.php on line 412
2020-07-30 12:02:34 - PHP Notice:  Undefined index: user_id in /home/ctuncaco/opss.ctunca.com/vqmod/vqcache/vq2-admin_controller_sale_order.php on line 412
2020-07-30 12:02:34 - PHP Notice:  Undefined index: user_id in /home/ctuncaco/opss.ctunca.com/vqmod/vqcache/vq2-admin_controller_sale_order.php on line 412
2020-07-30 12:02:34 - PHP Notice:  Undefined index: user_id in /home/ctuncaco/opss.ctunca.com/vqmod/vqcache/vq2-admin_controller_sale_order.php on line 412
2020-07-30 12:02:34 - PHP Notice:  Undefined index: user_id in /home/ctuncaco/opss.ctunca.com/vqmod/vqcache/vq2-admin_controller_sale_order.php on line 412
2020-07-30 12:02:34 - PHP Notice:  Undefined index: user_id in /home/ctuncaco/opss.ctunca.com/vqmod/vqcache/vq2-admin_controller_sale_order.php on line 412
2020-07-30 12:02:34 - PHP Notice:  Undefined index: user_id in /home/ctuncaco/opss.ctunca.com/vqmod/vqcache/vq2-admin_controller_sale_order.php on line 412
2020-07-30 12:02:34 - PHP Notice:  Undefined index: user_id in /home/ctuncaco/opss.ctunca.com/vqmod/vqcache/vq2-admin_controller_sale_order.php on line 412
2020-07-30 12:02:34 - PHP Notice:  Undefined index: user_id in /home/ctuncaco/opss.ctunca.com/vqmod/vqcache/vq2-admin_controller_sale_order.php on line 412
2020-07-30 12:02:34 - PHP Notice:  Undefined index: user_id in /home/ctuncaco/opss.ctunca.com/vqmod/vqcache/vq2-admin_controller_sale_order.php on line 412
2020-07-30 12:05:00 - PHP Notice:  Undefined index: user_id in /home/ctuncaco/opss.ctunca.com/vqmod/vqcache/vq2-admin_controller_sale_order.php on line 412
2020-07-30 12:05:00 - PHP Notice:  Undefined index: user_id in /home/ctuncaco/opss.ctunca.com/vqmod/vqcache/vq2-admin_controller_sale_order.php on line 412
2020-07-30 12:05:00 - PHP Notice:  Undefined index: user_id in /home/ctuncaco/opss.ctunca.com/vqmod/vqcache/vq2-admin_controller_sale_order.php on line 412
2020-07-30 12:05:00 - PHP Notice:  Undefined index: user_id in /home/ctuncaco/opss.ctunca.com/vqmod/vqcache/vq2-admin_controller_sale_order.php on line 412
2020-07-30 12:05:00 - PHP Notice:  Undefined index: user_id in /home/ctuncaco/opss.ctunca.com/vqmod/vqcache/vq2-admin_controller_sale_order.php on line 412
2020-07-30 12:05:00 - PHP Notice:  Undefined index: user_id in /home/ctuncaco/opss.ctunca.com/vqmod/vqcache/vq2-admin_controller_sale_order.php on line 412
2020-07-30 12:05:00 - PHP Notice:  Undefined index: user_id in /home/ctuncaco/opss.ctunca.com/vqmod/vqcache/vq2-admin_controller_sale_order.php on line 412
2020-07-30 12:05:00 - PHP Notice:  Undefined index: user_id in /home/ctuncaco/opss.ctunca.com/vqmod/vqcache/vq2-admin_controller_sale_order.php on line 412
2020-07-30 12:05:00 - PHP Notice:  Undefined index: user_id in /home/ctuncaco/opss.ctunca.com/vqmod/vqcache/vq2-admin_controller_sale_order.php on line 412
2020-07-30 12:05:00 - PHP Notice:  Undefined index: user_id in /home/ctuncaco/opss.ctunca.com/vqmod/vqcache/vq2-admin_controller_sale_order.php on line 412
2020-07-30 12:05:00 - PHP Notice:  Undefined index: user_id in /home/ctuncaco/opss.ctunca.com/vqmod/vqcache/vq2-admin_controller_sale_order.php on line 412
2020-07-30 12:05:00 - PHP Notice:  Undefined index: user_id in /home/ctuncaco/opss.ctunca.com/vqmod/vqcache/vq2-admin_controller_sale_order.php on line 412
2020-07-30 12:05:00 - PHP Notice:  Undefined index: user_id in /home/ctuncaco/opss.ctunca.com/vqmod/vqcache/vq2-admin_controller_sale_order.php on line 412
2020-07-30 12:05:45 - PHP Notice:  Undefined index: product_id in /home/ctuncaco/opss.ctunca.com/catalog/controller/product/package.php on line 595
2020-07-30 12:05:45 - PHP Notice:  Undefined index: product_id in /home/ctuncaco/opss.ctunca.com/catalog/controller/product/package.php on line 595
2020-07-30 12:05:45 - PHP Notice:  Undefined index: product_id in /home/ctuncaco/opss.ctunca.com/catalog/controller/product/package.php on line 595
2020-07-30 12:05:45 - PHP Notice:  Undefined index: product_id in /home/ctuncaco/opss.ctunca.com/catalog/controller/product/package.php on line 595
2020-07-31 4:51:25 - PHP Warning:  unlink(/home/ctuncaco/opss.ctunca.com/system/storage/cache/cache.catalog.language.1596174685): No such file or directory in /home/ctuncaco/opss.ctunca.com/system/library/cache/file.php on line 68
2020-08-04 7:36:03 - PHP Warning:  unlink(/home/ctuncaco/opss.ctunca.com/system/storage/cache/cache.catalog.language.1596530162): No such file or directory in /home/ctuncaco/opss.ctunca.com/system/library/cache/file.php on line 68
2020-08-05 8:05:24 - PHP Notice:  Undefined index: user_id in /home/ctuncaco/opss.ctunca.com/vqmod/vqcache/vq2-admin_controller_sale_order.php on line 412
2020-08-05 8:05:24 - PHP Notice:  Undefined index: user_id in /home/ctuncaco/opss.ctunca.com/vqmod/vqcache/vq2-admin_controller_sale_order.php on line 412
2020-08-05 8:05:24 - PHP Notice:  Undefined index: user_id in /home/ctuncaco/opss.ctunca.com/vqmod/vqcache/vq2-admin_controller_sale_order.php on line 412
2020-08-05 8:05:24 - PHP Notice:  Undefined index: user_id in /home/ctuncaco/opss.ctunca.com/vqmod/vqcache/vq2-admin_controller_sale_order.php on line 412
2020-08-05 8:05:24 - PHP Notice:  Undefined index: user_id in /home/ctuncaco/opss.ctunca.com/vqmod/vqcache/vq2-admin_controller_sale_order.php on line 412
2020-08-05 8:05:24 - PHP Notice:  Undefined index: user_id in /home/ctuncaco/opss.ctunca.com/vqmod/vqcache/vq2-admin_controller_sale_order.php on line 412
2020-08-05 8:05:24 - PHP Notice:  Undefined index: user_id in /home/ctuncaco/opss.ctunca.com/vqmod/vqcache/vq2-admin_controller_sale_order.php on line 412
2020-08-05 8:05:24 - PHP Notice:  Undefined index: user_id in /home/ctuncaco/opss.ctunca.com/vqmod/vqcache/vq2-admin_controller_sale_order.php on line 412
2020-08-05 8:05:24 - PHP Notice:  Undefined index: user_id in /home/ctuncaco/opss.ctunca.com/vqmod/vqcache/vq2-admin_controller_sale_order.php on line 412
2020-08-05 8:05:24 - PHP Notice:  Undefined index: user_id in /home/ctuncaco/opss.ctunca.com/vqmod/vqcache/vq2-admin_controller_sale_order.php on line 412
2020-08-05 8:05:24 - PHP Notice:  Undefined index: user_id in /home/ctuncaco/opss.ctunca.com/vqmod/vqcache/vq2-admin_controller_sale_order.php on line 412
2020-08-05 8:05:24 - PHP Notice:  Undefined index: user_id in /home/ctuncaco/opss.ctunca.com/vqmod/vqcache/vq2-admin_controller_sale_order.php on line 412
2020-08-05 8:05:24 - PHP Notice:  Undefined index: user_id in /home/ctuncaco/opss.ctunca.com/vqmod/vqcache/vq2-admin_controller_sale_order.php on line 412
2020-08-05 8:05:24 - PHP Notice:  Undefined index: user_id in /home/ctuncaco/opss.ctunca.com/vqmod/vqcache/vq2-admin_controller_sale_order.php on line 412
2020-08-05 8:05:39 - PHP Notice:  Undefined index: user_id in /home/ctuncaco/opss.ctunca.com/vqmod/vqcache/vq2-admin_controller_sale_order.php on line 412
2020-08-05 8:05:39 - PHP Notice:  Undefined index: user_id in /home/ctuncaco/opss.ctunca.com/vqmod/vqcache/vq2-admin_controller_sale_order.php on line 412
2020-08-05 8:05:39 - PHP Notice:  Undefined index: user_id in /home/ctuncaco/opss.ctunca.com/vqmod/vqcache/vq2-admin_controller_sale_order.php on line 412
2020-08-05 8:05:39 - PHP Notice:  Undefined index: user_id in /home/ctuncaco/opss.ctunca.com/vqmod/vqcache/vq2-admin_controller_sale_order.php on line 412
2020-08-05 8:05:39 - PHP Notice:  Undefined index: user_id in /home/ctuncaco/opss.ctunca.com/vqmod/vqcache/vq2-admin_controller_sale_order.php on line 412
2020-08-05 8:05:39 - PHP Notice:  Undefined index: user_id in /home/ctuncaco/opss.ctunca.com/vqmod/vqcache/vq2-admin_controller_sale_order.php on line 412
2020-08-05 8:05:39 - PHP Notice:  Undefined index: user_id in /home/ctuncaco/opss.ctunca.com/vqmod/vqcache/vq2-admin_controller_sale_order.php on line 412
2020-08-05 8:05:39 - PHP Notice:  Undefined index: user_id in /home/ctuncaco/opss.ctunca.com/vqmod/vqcache/vq2-admin_controller_sale_order.php on line 412
2020-08-05 8:05:39 - PHP Notice:  Undefined index: user_id in /home/ctuncaco/opss.ctunca.com/vqmod/vqcache/vq2-admin_controller_sale_order.php on line 412
2020-08-05 8:05:39 - PHP Notice:  Undefined index: user_id in /home/ctuncaco/opss.ctunca.com/vqmod/vqcache/vq2-admin_controller_sale_order.php on line 412
2020-08-05 8:05:39 - PHP Notice:  Undefined index: user_id in /home/ctuncaco/opss.ctunca.com/vqmod/vqcache/vq2-admin_controller_sale_order.php on line 412
2020-08-05 8:05:39 - PHP Notice:  Undefined index: user_id in /home/ctuncaco/opss.ctunca.com/vqmod/vqcache/vq2-admin_controller_sale_order.php on line 412
2020-08-05 8:05:39 - PHP Notice:  Undefined index: user_id in /home/ctuncaco/opss.ctunca.com/vqmod/vqcache/vq2-admin_controller_sale_order.php on line 412
2020-08-05 8:12:22 - PHP Warning:  unlink(/home/ctuncaco/opss.ctunca.com/system/storage/cache/cache.catalog.language.1596618742): No such file or directory in /home/ctuncaco/opss.ctunca.com/system/library/cache/file.php on line 68
2020-08-05 8:22:54 - PHP Warning:  unlink(/home/ctuncaco/opss.ctunca.com/system/storage/cache/cache.catalog.language.1596619374): No such file or directory in /home/ctuncaco/opss.ctunca.com/system/library/cache/file.php on line 68
2020-08-05 11:38:51 - PHP Notice:  Undefined index: user_id in /home/ctuncaco/opss.ctunca.com/vqmod/vqcache/vq2-admin_controller_sale_order.php on line 412
2020-08-05 11:38:51 - PHP Notice:  Undefined index: user_id in /home/ctuncaco/opss.ctunca.com/vqmod/vqcache/vq2-admin_controller_sale_order.php on line 412
2020-08-05 11:51:30 - PHP Warning:  unlink(/home/ctuncaco/opss.ctunca.com/system/storage/cache/cache.catalog.language.1596631890): No such file or directory in /home/ctuncaco/opss.ctunca.com/system/library/cache/file.php on line 68
